<?xml version="1.0" encoding="UTF-8"?>
<testng-results ignored="0" total="1" passed="1" failed="0" skipped="0">
  <reporter-output>
  </reporter-output>
  <suite started-at="2025-08-03T23:14:44 IST" name="Default suite" finished-at="2025-08-03T23:14:44 IST" duration-ms="92">
    <groups>
    </groups>
    <test started-at="2025-08-03T23:14:44 IST" name="Default test" finished-at="2025-08-03T23:14:44 IST" duration-ms="92">
      <class name="jtest.InheritanceChild">
        <test-method is-config="true" signature="methodPBefore()[pri:0, instance:jtest.InheritanceChild@564fabc8]" started-at="2025-08-03T23:14:44 IST" name="methodPBefore" finished-at="2025-08-03T23:14:44 IST" duration-ms="12" status="PASS">
          <reporter-output>
          </reporter-output>
        </test-method> <!-- methodPBefore -->
        <test-method is-config="true" signature="CBeforemethod()[pri:0, instance:jtest.InheritanceChild@564fabc8]" started-at="2025-08-03T23:14:44 IST" name="CBeforemethod" finished-at="2025-08-03T23:14:44 IST" duration-ms="2" status="PASS">
          <reporter-output>
          </reporter-output>
        </test-method> <!-- CBeforemethod -->
        <test-method signature="childMethod()[pri:0, instance:jtest.InheritanceChild@564fabc8]" started-at="2025-08-03T23:14:44 IST" name="childMethod" finished-at="2025-08-03T23:14:44 IST" duration-ms="16" status="PASS">
          <reporter-output>
          </reporter-output>
        </test-method> <!-- childMethod -->
        <test-method is-config="true" signature="CAftermethod()[pri:0, instance:jtest.InheritanceChild@564fabc8]" started-at="2025-08-03T23:14:44 IST" name="CAftermethod" finished-at="2025-08-03T23:14:44 IST" duration-ms="0" status="PASS">
          <reporter-output>
          </reporter-output>
        </test-method> <!-- CAftermethod -->
        <test-method is-config="true" signature="PAftermethod()[pri:0, instance:jtest.InheritanceChild@564fabc8]" started-at="2025-08-03T23:14:44 IST" name="PAftermethod" finished-at="2025-08-03T23:14:44 IST" duration-ms="0" status="PASS">
          <reporter-output>
          </reporter-output>
        </test-method> <!-- PAftermethod -->
      </class> <!-- jtest.InheritanceChild -->
    </test> <!-- Default test -->
  </suite> <!-- Default suite -->
</testng-results>
